[debug] [2018-01-04T09:20:03.124Z] ----------------------------------------------------------------------
[debug] [2018-01-04T09:20:03.127Z] Command:       /Users/arnonhongklay/.nvm/versions/node/v8.4.0/bin/node /Users/arnonhongklay/.nvm/versions/node/v8.4.0/bin/firebase deploy
[debug] [2018-01-04T09:20:03.127Z] CLI Version:   3.16.0
[debug] [2018-01-04T09:20:03.127Z] Platform:      darwin
[debug] [2018-01-04T09:20:03.127Z] Node Version:  v8.4.0
[debug] [2018-01-04T09:20:03.128Z] Time:          Thu Jan 04 2018 16:20:03 GMT+0700 (+07)
[debug] [2018-01-04T09:20:03.128Z] ----------------------------------------------------------------------
[debug] 
[debug] [2018-01-04T09:20:03.144Z] > command requires scopes: ["email","openid","https://www.googleapis.com/auth/cloudplatformprojects.readonly","https://www.googleapis.com/auth/firebase","https://www.googleapis.com/auth/cloud-platform"]
[debug] [2018-01-04T09:20:03.145Z] > authorizing via signed-in user
[debug] [2018-01-04T09:20:03.147Z] >>> HTTP REQUEST GET https://admin.firebase.com/v1/projects/att-skybox  
  
 Thu Jan 04 2018 16:20:03 GMT+0700 (+07)
[debug] [2018-01-04T09:20:05.926Z] <<< HTTP RESPONSE 200
[debug] [2018-01-04T09:20:05.927Z] >>> HTTP REQUEST GET https://admin.firebase.com/v1/database/att-skybox/tokens  
  
 Thu Jan 04 2018 16:20:05 GMT+0700 (+07)
[debug] [2018-01-04T09:20:08.019Z] <<< HTTP RESPONSE 200
[info] 
[info] === Deploying to 'att-skybox'...
[info] 
[info] i  deploying hosting
[info] i  hosting: preparing public directory for upload...
[debug] [2018-01-04T09:20:10.999Z] >>> HTTP REQUEST PUT https://deploy.firebase.com/v1/hosting/att-skybox/uploads/-L2-T6tFl7wmC7WqipHP?fileCount=64&message=  
  
 Thu Jan 04 2018 16:20:10 GMT+0700 (+07)
